[debug] [2020-05-07T13:23:55.654Z] ----------------------------------------------------------------------
[debug] [2020-05-07T13:23:55.655Z] Command:       /usr/local/bin/node /usr/local/bin/firebase init
[debug] [2020-05-07T13:23:55.655Z] CLI Version:   8.2.0
[debug] [2020-05-07T13:23:55.656Z] Platform:      darwin
[debug] [2020-05-07T13:23:55.656Z] Node Version:  v14.0.0
[debug] [2020-05-07T13:23:55.656Z] Time:          Thu May 07 2020 18:23:55 GMT+0500 (Pakistan Standard Time)
[debug] [2020-05-07T13:23:55.656Z] ----------------------------------------------------------------------
[debug] [2020-05-07T13:23:55.657Z] 
[debug] [2020-05-07T13:23:55.662Z] > command requires scopes: ["email","openid","https://www.googleapis.com/auth/cloudplatformprojects.readonly","https://www.googleapis.com/auth/firebase","https://www.googleapis.com/auth/cloud-platform"]
[debug] [2020-05-07T13:23:55.662Z] > authorizing via signed-in user
[info] 
     ######## #### ########  ######## ########     ###     ######  ########
     ##        ##  ##     ## ##       ##     ##  ##   ##  ##       ##
     ######    ##  ########  ######   ########  #########  ######  ######
     ##        ##  ##    ##  ##       ##     ## ##     ##       ## ##
     ##       #### ##     ## ######## ########  ##     ##  ######  ########

You're about to initialize a Firebase project in this directory:

  /Users/shariq/Desktop/travelow

[info] 
=== Project Setup
[info] 
[info] First, let's associate this project directory with a Firebase project.
[info] You can create multiple project aliases by running firebase use --add, 
[info] but for now we'll just set up a default project.
[info] 
[debug] [2020-05-07T13:24:04.841Z] >>> HTTP REQUEST GET https://firebase.googleapis.com/v1beta1/projects?pageSize=100  
 
[debug] [2020-05-07T13:24:05.528Z] <<< HTTP RESPONSE 200 {"content-type":"application/json; charset=UTF-8","vary":"X-Origin, Referer, Origin,Accept-Encoding","date":"Thu, 07 May 2020 13:24:05 GMT","server":"ESF","cache-control":"private","x-xss-protection":"0","x-frame-options":"SAMEORIGIN","x-content-type-options":"nosniff","alt-svc":"h3-27=\":443\"; ma=2592000,h3-25=\":443\"; ma=2592000,h3-Q050=\":443\"; ma=2592000,h3-Q049=\":443\"; ma=2592000,h3-Q048=\":443\"; ma=2592000,h3-Q046=\":443\"; ma=2592000,h3-Q043=\":443\"; ma=2592000,quic=\":443\"; ma=2592000; v=\"46,43\"","accept-ranges":"none","transfer-encoding":"chunked"}
[info] i  Using project travelow-take1 (Travelow)
[info] 
=== Firestore Setup
[debug] [2020-05-07T13:24:09.207Z] > command requires scopes: ["email","openid","https://www.googleapis.com/auth/cloudplatformprojects.readonly","https://www.googleapis.com/auth/firebase","https://www.googleapis.com/auth/cloud-platform"]
[debug] [2020-05-07T13:24:09.208Z] > authorizing via signed-in user
[debug] [2020-05-07T13:24:09.209Z] [iam] checking project travelow-take1 for permissions ["firebase.projects.get"]
[debug] [2020-05-07T13:24:09.209Z] >>> HTTP REQUEST POST https://cloudresourcemanager.googleapis.com/v1/projects/travelow-take1:testIamPermissions  
 {"permissions":["firebase.projects.get"]}
[debug] [2020-05-07T13:24:11.054Z] <<< HTTP RESPONSE 200 {"content-type":"application/json; charset=UTF-8","vary":"X-Origin, Referer, Origin,Accept-Encoding","date":"Thu, 07 May 2020 13:24:10 GMT","server":"ESF","cache-control":"private","x-xss-protection":"0","x-frame-options":"SAMEORIGIN","x-content-type-options":"nosniff","server-timing":"gfet4t7; dur=1409","alt-svc":"h3-27=\":443\"; ma=2592000,h3-25=\":443\"; ma=2592000,h3-Q050=\":443\"; ma=2592000,h3-Q049=\":443\"; ma=2592000,h3-Q048=\":443\"; ma=2592000,h3-Q046=\":443\"; ma=2592000,h3-Q043=\":443\"; ma=2592000,quic=\":443\"; ma=2592000; v=\"46,43\"","accept-ranges":"none","transfer-encoding":"chunked"}
[info] 
[info] Firestore Security Rules allow you to define how and when to allow
[info] requests. You can keep these rules in your project directory
[info] and publish them with firebase deploy.
[info] 
